<?xml version="1.0" encoding="UTF-8"?>
<!-- Generated by org.testng.reporters.JUnitReportReporter -->
<testsuite skipped="0" hostname="LG7Z9W33" name="testCases.LoginTest" tests="1" failures="0" timestamp="2021-06-25T08:06:05 IST" time="0.162" errors="0">
  <testcase name="TestLogin" time="0.162" classname="testCases.LoginTest"/>
  <system-out/>
</testsuite> <!-- testCases.LoginTest -->
